<?xml version="1.0" encoding="UTF-8"?>
<coverage generated="1732829567072" clover="3.2.0">
  <project timestamp="1732829567072" name="All files">
    <metrics statements="11" coveredstatements="10" conditionals="0" coveredconditionals="0" methods="3" coveredmethods="3" elements="14" coveredelements="13" complexity="0" loc="11" ncloc="11" packages="2" files="2" classes="2"/>
    <package name="components.Button">
      <metrics statements="5" coveredstatements="5" conditionals="0" coveredconditionals="0" methods="2" coveredmethods="2"/>
      <file name="Button.jsx" path="C:\Users\fredy\OneDrive\Desktop\Clases Meli\Repositorio clases\Clase 2 - jest\testing-con-react\src\components\Button\Button.jsx">
        <metrics statements="5" coveredstatements="5" conditionals="0" coveredconditionals="0" methods="2" coveredmethods="2"/>
        <line num="12" count="1" type="stmt"/>
        <line num="13" count="2" type="stmt"/>
        <line num="15" count="2" type="stmt"/>
        <line num="16" count="1" type="stmt"/>
        <line num="21" count="2" type="stmt"/>
      </file>
    </package>
    <package name="utils">
      <metrics statements="6" coveredstatements="5" conditionals="0" coveredconditionals="0" methods="1" coveredmethods="1"/>
      <file name="getData.js" path="C:\Users\fredy\OneDrive\Desktop\Clases Meli\Repositorio clases\Clase 2 - jest\testing-con-react\src\utils\getData.js">
        <metrics statements="6" coveredstatements="5" conditionals="0" coveredconditionals="0" methods="1" coveredmethods="1"/>
        <line num="1" count="1" type="stmt"/>
        <line num="2" count="1" type="stmt"/>
        <line num="3" count="1" type="stmt"/>
        <line num="4" count="1" type="stmt"/>
        <line num="5" count="1" type="stmt"/>
        <line num="7" count="0" type="stmt"/>
      </file>
    </package>
  </project>
</coverage>
