{"C:\\Users\\fredy\\OneDrive\\Desktop\\Clases Meli\\Repositorio clases\\Clase 2 - jest\\testing-con-react\\src\\components\\Button\\Button.jsx": {"path":"C:\\Users\\fredy\\OneDrive\\Desktop\\Clases Meli\\Repositorio clases\\Clase 2 - jest\\testing-con-react\\src\\components\\Button\\Button.jsx","statementMap":{"0":{"start":{"line":12,"column":22},"end":{"line":29,"column":1}},"1":{"start":{"line":13,"column":29},"end":{"line":13,"column":41}},"2":{"start":{"line":15,"column":24},"end":{"line":19,"column":5}},"3":{"start":{"line":16,"column":8},"end":{"line":16,"column":38}},"4":{"start":{"line":21,"column":4},"end":{"line":28,"column":5}}},"fnMap":{"0":{"name":"(anonymous_0)","decl":{"start":{"line":12,"column":22},"end":{"line":12,"column":23}},"loc":{"start":{"line":12,"column":45},"end":{"line":29,"column":1}},"line":12},"1":{"name":"(anonymous_1)","decl":{"start":{"line":15,"column":24},"end":{"line":15,"column":25}},"loc":{"start":{"line":15,"column":28},"end":{"line":19,"column":5}},"line":15}},"branchMap":{},"s":{"0":1,"1":2,"2":2,"3":1,"4":2},"f":{"0":2,"1":1},"b":{},"_coverageSchema":"1a1c01bbd47fc00a2c39e90264f33305004495a9","hash":"b00aa636d8efce3e17a8690c2609323ec2d8f80f"}
,"C:\\Users\\fredy\\OneDrive\\Desktop\\Clases Meli\\Repositorio clases\\Clase 2 - jest\\testing-con-react\\src\\utils\\getData.js": {"path":"C:\\Users\\fredy\\OneDrive\\Desktop\\Clases Meli\\Repositorio clases\\Clase 2 - jest\\testing-con-react\\src\\utils\\getData.js","statementMap":{"0":{"start":{"line":1,"column":23},"end":{"line":9,"column":1}},"1":{"start":{"line":2,"column":4},"end":{"line":8,"column":5}},"2":{"start":{"line":3,"column":25},"end":{"line":3,"column":84}},"3":{"start":{"line":4,"column":21},"end":{"line":4,"column":42}},"4":{"start":{"line":5,"column":8},"end":{"line":5,"column":20}},"5":{"start":{"line":7,"column":8},"end":{"line":7,"column":40}}},"fnMap":{"0":{"name":"(anonymous_0)","decl":{"start":{"line":1,"column":23},"end":{"line":1,"column":24}},"loc":{"start":{"line":1,"column":32},"end":{"line":9,"column":1}},"line":1}},"branchMap":{},"s":{"0":1,"1":1,"2":1,"3":1,"4":1,"5":0},"f":{"0":1},"b":{},"_coverageSchema":"1a1c01bbd47fc00a2c39e90264f33305004495a9","hash":"c88a251d1ee501a5be2f174d5de147b83e7acbb2"}
}
